#
# There is insufficient memory for the Java Runtime Environment to continue.
# Native memory allocation (malloc) failed to allocate 774656 bytes for Chunk::new
# Possible reasons:
#   The system is out of physical RAM or swap space
#   In 32 bit mode, the process size limit was hit
# Possible solutions:
#   Reduce memory load on the system
#   Increase physical memory or swap space
#   Check if swap backing store is full
#   Use 64 bit Java on a 64 bit OS
#   Decrease Java heap size (-Xmx/-Xms)
#   Decrease number of Java threads
#   Decrease Java thread stack sizes (-Xss)
#   Set larger code cache with -XX:ReservedCodeCacheSize=
# This output file may be truncated or incomplete.
#
#  Out of Memory Error (allocation.cpp:325), pid=308, tid=4552
#
# JRE version: 7.0_02-b13
# Java VM: Java HotSpot(TM) 64-Bit Server VM (22.0-b10 mixed mode windows-amd64 compressed oops)
# Failed to write core dump. Minidumps are not enabled by default on client versions of Windows
#

---------------  T H R E A D  ---------------

Current thread (0x0000000006292800):  JavaThread "C2 CompilerThread0" daemon [_thread_in_native, id=4552, stack(0x0000000007060000,0x0000000007160000)]

Stack: [0x0000000007060000,0x0000000007160000]

Current CompileTask:
C2: 423319 1503             org.codehaus.groovy.control.ResolveVisitor::resolveFromDefaultImports (148 bytes)


---------------  P R O C E S S  ---------------

Java Threads: ( => current thread )
  0x0000000008a20000 JavaThread "Stdin handler" [_thread_blocked, id=6760, stack(0x0000000009ed0000,0x0000000009fd0000)]
  0x0000000008a22000 JavaThread "Cancel handler" [_thread_blocked, id=9720, stack(0x000000000b430000,0x000000000b530000)]
  0x0000000008a20800 JavaThread "Handler for socket connection from /127.0.0.1:64560 to /127.0.0.1:65394" [_thread_in_native, id=13420, stack(0x0000000009db0000,0x0000000009eb0000)]
  0x0000000008a21800 JavaThread "Daemon worker Thread 4" [_thread_in_native, id=9400, stack(0x000000000a0c0000,0x000000000a1c0000)]
  0x0000000008a1e800 JavaThread "Daemon Thread 4" [_thread_blocked, id=13308, stack(0x00000000098d0000,0x00000000099d0000)]
  0x0000000007ab1800 JavaThread "File lock request listener" [_thread_in_native, id=2224, stack(0x000000000a340000,0x000000000a440000)]
  0x0000000007d6b800 JavaThread "Incoming local TCP Connector on port 64560" [_thread_in_native, id=10844, stack(0x0000000009b50000,0x0000000009c50000)]
  0x000000000629d000 JavaThread "Service Thread" daemon [_thread_blocked, id=15224, stack(0x00000000072e0000,0x00000000073e0000)]
  0x0000000006297800 JavaThread "C2 CompilerThread1" daemon [_thread_blocked, id=4808, stack(0x0000000007170000,0x0000000007270000)]
=>0x0000000006292800 JavaThread "C2 CompilerThread0" daemon [_thread_in_native, id=4552, stack(0x0000000007060000,0x0000000007160000)]
  0x000000000628f000 JavaThread "Attach Listener" daemon [_thread_blocked, id=2220, stack(0x0000000006e30000,0x0000000006f30000)]
  0x000000000628a000 JavaThread "Signal Dispatcher" daemon [_thread_blocked, id=4704, stack(0x0000000006c80000,0x0000000006d80000)]
  0x0000000002354000 JavaThread "Finalizer" daemon [_thread_blocked, id=6612, stack(0x0000000006b00000,0x0000000006c00000)]
  0x000000000234d000 JavaThread "Reference Handler" daemon [_thread_blocked, id=10148, stack(0x00000000069c0000,0x0000000006ac0000)]
  0x000000000238b800 JavaThread "main" [_thread_blocked, id=4856, stack(0x00000000024c0000,0x00000000025c0000)]

Other Threads:
  0x0000000002345800 VMThread [stack: 0x00000000067c0000,0x00000000068c0000] [id=14956]
  0x00000000062b8000 WatcherThread [stack: 0x0000000006f30000,0x0000000007030000] [id=15116]

VM state:not at safepoint (normal execution)

VM Mutex/Monitor currently owned by a thread: None

Heap
 PSYoungGen      total 321408K, used 35079K [0x00000000eaab0000, 0x0000000100000000, 0x0000000100000000)
  eden space 292992K, 11% used [0x00000000eaab0000,0x00000000eccf1e98,0x00000000fc8d0000)
  from space 28416K, 0% used [0x00000000fe440000,0x00000000fe440000,0x0000000100000000)
  to   space 28096K, 0% used [0x00000000fc8d0000,0x00000000fc8d0000,0x00000000fe440000)
 PSOldGen        total 129856K, used 48312K [0x00000000c0000000, 0x00000000c7ed0000, 0x00000000eaab0000)
  object space 129856K, 37% used [0x00000000c0000000,0x00000000c2f2e228,0x00000000c7ed0000)
 PSPermGen       total 109248K, used 51092K [0x00000000b0000000, 0x00000000b6ab0000, 0x00000000c0000000)
  object space 109248K, 46% used [0x00000000b0000000,0x00000000b31e50b8,0x00000000b6ab0000)

Code Cache  [0x00000000025c0000, 0x0000000002b50000, 0x00000000055c0000)
 total_blobs=2052 nmethods=1414 adapters=589 free_code_cache=43572Kb largest_free_block=44555712

Dynamic libraries:
0x000000013fb10000 - 0x000000013fb43000 	C:\Program Files\Java\jdk1.7.0_02\bin\java.exe
0x00000000770b0000 - 0x0000000077259000 	C:\Windows\SYSTEM32\ntdll.dll
0x0000000076d80000 - 0x0000000076e9f000 	C:\Windows\system32\kernel32.dll
0x000007fefd5c0000 - 0x000007fefd62c000 	C:\Windows\system32\KERNELBASE.dll
0x000007fefdc90000 - 0x000007fefdd6b000 	C:\Windows\system32\ADVAPI32.dll
0x000007fefde90000 - 0x000007fefdf2f000 	C:\Windows\system32\msvcrt.dll
0x000007fefde70000 - 0x000007fefde8f000 	C:\Windows\SYSTEM32\sechost.dll
0x000007feff090000 - 0x000007feff1bd000 	C:\Windows\system32\RPCRT4.dll
0x00000000769d0000 - 0x0000000076aca000 	C:\Windows\system32\USER32.dll
0x000007feff020000 - 0x000007feff087000 	C:\Windows\system32\GDI32.dll
0x000007fefee30000 - 0x000007fefee3e000 	C:\Windows\system32\LPK.dll
0x000007fefd980000 - 0x000007fefda49000 	C:\Windows\system32\USP10.dll
0x000007fefbf70000 - 0x000007fefc164000 	C:\Windows\WinSxS\amd64_microsoft.windows.common-controls_6595b64144ccf1df_6.0.7601.17514_none_fa396087175ac9ac\COMCTL32.dll
0x000007fefddf0000 - 0x000007fefde61000 	C:\Windows\system32\SHLWAPI.dll
0x000007fefee00000 - 0x000007fefee2e000 	C:\Windows\system32\IMM32.DLL
0x000007feff1c0000 - 0x000007feff2c9000 	C:\Windows\system32\MSCTF.dll
0x000000006b9e0000 - 0x000000006bab1000 	C:\Program Files\Java\jdk1.7.0_02\jre\bin\msvcr100.dll
0x000000005a8c0000 - 0x000000005af9a000 	C:\Program Files\Java\jdk1.7.0_02\jre\bin\server\jvm.dll
0x000007fef2fc0000 - 0x000007fef2fc9000 	C:\Windows\system32\WSOCK32.dll
0x000007feff370000 - 0x000007feff3bd000 	C:\Windows\system32\WS2_32.dll
0x000007fefda50000 - 0x000007fefda58000 	C:\Windows\system32\NSI.dll
0x000007fefa560000 - 0x000007fefa59b000 	C:\Windows\system32\WINMM.dll
0x0000000077270000 - 0x0000000077277000 	C:\Windows\system32\PSAPI.DLL
0x000000006f170000 - 0x000000006f17f000 	C:\Program Files\Java\jdk1.7.0_02\jre\bin\verify.dll
0x000000006d1a0000 - 0x000000006d1c8000 	C:\Program Files\Java\jdk1.7.0_02\jre\bin\java.dll
0x000000006d180000 - 0x000000006d195000 	C:\Program Files\Java\jdk1.7.0_02\jre\bin\zip.dll
0x000000006d160000 - 0x000000006d179000 	C:\Program Files\Java\jdk1.7.0_02\jre\bin\net.dll
0x000007fefca80000 - 0x000007fefcad5000 	C:\Windows\system32\mswsock.dll
0x000007fefca70000 - 0x000007fefca77000 	C:\Windows\System32\wship6.dll
0x000000006d0f0000 - 0x000000006d101000 	C:\Program Files\Java\jdk1.7.0_02\jre\bin\nio.dll
0x000007fef35b0000 - 0x000007fef35c2000 	C:\Users\eric\.gradle\native\19\windows-amd64\native-platform.dll
0x000007fefa500000 - 0x000007fefa527000 	C:\Windows\system32\IPHLPAPI.DLL
0x000007fefa4b0000 - 0x000007fefa4bb000 	C:\Windows\system32\WINNSI.DLL
0x000007fef9bb0000 - 0x000007fef9bc8000 	C:\Windows\system32\dhcpcsvc.DLL
0x000007fef9b10000 - 0x000007fef9b21000 	C:\Windows\system32\dhcpcsvc6.DLL
0x000007fefcd50000 - 0x000007fefcd67000 	C:\Windows\system32\CRYPTSP.dll
0x000007fefc7e0000 - 0x000007fefc827000 	C:\Windows\system32\rsaenh.dll
0x000007fefcfa0000 - 0x000007fefcfbe000 	C:\Windows\system32\USERENV.dll
0x000007fefd510000 - 0x000007fefd51f000 	C:\Windows\system32\profapi.dll
0x000007fefd440000 - 0x000007fefd44f000 	C:\Windows\system32\CRYPTBASE.dll
0x000007feface0000 - 0x000007fefacf5000 	C:\Windows\system32\NLAapi.dll
0x000007fef3d10000 - 0x000007fef3d25000 	C:\Windows\system32\napinsp.dll
0x000007fef3cf0000 - 0x000007fef3d09000 	C:\Windows\system32\pnrpnsp.dll
0x00000000737d0000 - 0x0000000073805000 	C:\Program Files\Bonjour\mdnsNSP.dll
0x000007fefc900000 - 0x000007fefc95b000 	C:\Windows\system32\DNSAPI.dll
0x000007fef3ce0000 - 0x000007fef3ceb000 	C:\Windows\System32\winrnr.dll
0x000007fef91a0000 - 0x000007fef91cf000 	C:\Program Files\Common Files\Microsoft Shared\Windows Live\WLIDNSP.DLL
0x000007fefce70000 - 0x000007fefce77000 	C:\Windows\System32\wshtcpip.dll
0x000007fef9190000 - 0x000007fef9198000 	C:\Windows\system32\rasadhlp.dll
0x000007fef9b50000 - 0x000007fef9ba3000 	C:\Windows\System32\fwpuclnt.dll
0x000007fefd3e0000 - 0x000007fefd437000 	C:\Windows\system32\apphelp.dll
0x000000006d120000 - 0x000000006d12b000 	C:\Program Files\Java\jdk1.7.0_02\jre\bin\management.dll

VM Arguments:
jvm_args: -XX:MaxPermSize=256m -XX:+HeapDumpOnOutOfMemoryError -Xmx1024m -Dfile.encoding=windows-1252 -Duser.country=US -Duser.language=en -Duser.variant 
java_command: org.gradle.launcher.daemon.bootstrap.GradleDaemon 2.4 C:\Users\eric\.gradle C:\Users\eric\.gradle\daemon 10800000 476ce4e6-5f01-41af-8797-48cdf33bd2c9 -XX:MaxPermSize=256m -XX:+HeapDumpOnOutOfMemoryError -Xmx1024m -Dfile.encoding=windows-1252 -Duser.country=US -Duser.language=en -Duser.variant
Launcher Type: SUN_STANDARD

Environment Variables:
CLASSPATH=.;C:\Program Files (x86)\QuickTime\QTSystem\QTJava.zip
PATH=C:\Program Files (x86)\NVIDIA Corporation\PhysX\Common;C:\Program Files\Common Files\Microsoft Shared\Windows Live;C:\Program Files (x86)\Common Files\Microsoft Shared\Windows Live;C:\Windows\system32;C:\Windows;C:\Windows\System32\Wbem;C:\Windows\System32\WindowsPowerShell\v1.0\;C:\Program Files (x86)\QuickTime\QTSystem\;C:\Program Files (x86)\MATLAB\MATLAB Component Runtime\v77\runtime\win32;C:\Program Files (x86)\Autodesk\Backburner\;C:\Program Files\Common Files\Autodesk Shared\;C:\Program Files (x86)\Windows Live\Shared;C:\Users\eric\android-sdks\platform-tools;C:\Program Files\Microsoft\Web Platform Installer\;C:\Program Files (x86)\Skype\Phone\;C:\Wugs_GnexRootToolkit\data" -m
USERNAME=eric
OS=Windows_NT
PROCESSOR_IDENTIFIER=Intel64 Family 6 Model 58 Stepping 9, GenuineIntel



---------------  S Y S T E M  ---------------

OS: Windows 7 , 64 bit Build 7601 Service Pack 1

CPU:total 4 (4 cores per cpu, 1 threads per core) family 6 model 58 stepping 9, cmov, cx8, fxsr, mmx, sse, sse2, sse3, ssse3, sse4.1, sse4.2, popcnt

Memory: 4k page, physical 12463512k(3136520k free), swap 16557660k(7536k free)

vm_info: Java HotSpot(TM) 64-Bit Server VM (22.0-b10) for windows-amd64 JRE (1.7.0_02-b13), built on Nov 17 2011 13:51:15 by "java_re" with unknown MS VC++:1600

time: Wed Sep 23 22:45:13 2015
elapsed time: 423 seconds

